<?xml version="1.0" encoding="UTF-8"?>
<testsuites name="Mocha Tests" time="7.2210" tests="1" failures="0">
  <testsuite name="Root Suite" timestamp="2022-06-20T03:53:45" tests="0" file="cypress/e2e/apps/web-app/video_call_e2e.cy.js" time="0.0000" failures="0">
  </testsuite>
  <testsuite name="E2E Booking - Video Call Appointments" timestamp="2022-06-20T03:53:46" tests="1" time="6.2880" failures="0">
    <testcase name="E2E Booking - Video Call Appointments Free Video Call" time="6.7370" classname="Free Video Call">
    </testcase>
  </testsuite>
</testsuites>